2012/11/06 05:17:05 [trace] [system.CModule] Loading "log" application component
in D:\xampp\htdocs\hotelhub\index.php (15)
2012/11/06 05:17:05 [trace] [system.CModule] Loading "request" application component
in D:\xampp\htdocs\hotelhub\index.php (15)
2012/11/06 05:17:05 [trace] [system.CModule] Loading "urlManager" application component
in D:\xampp\htdocs\hotelhub\index.php (15)
2012/11/06 05:17:05 [trace] [system.web.filters.CFilterChain] Running filter OrderHistoryController.filteraccessControl()
in D:\xampp\htdocs\hotelhub\index.php (15)
2012/11/06 05:17:05 [trace] [system.CModule] Loading "user" application component
in D:\xampp\htdocs\hotelhub\index.php (15)
2012/11/06 05:17:05 [trace] [system.CModule] Loading "session" application component
in D:\xampp\htdocs\hotelhub\index.php (15)
2012/11/06 05:17:05 [trace] [system.CModule] Loading "db" application component
in D:\xampp\htdocs\hotelhub\protected\controllers\OrderHistoryController.php (125)
in D:\xampp\htdocs\hotelhub\index.php (15)
2012/11/06 05:17:05 [trace] [system.db.CDbConnection] Opening DB connection
in D:\xampp\htdocs\hotelhub\protected\controllers\OrderHistoryController.php (125)
in D:\xampp\htdocs\hotelhub\index.php (15)
2012/11/06 05:17:05 [trace] [system.db.CDbCommand] Querying SQL: SHOW COLUMNS FROM `gc_order_history`
in D:\xampp\htdocs\hotelhub\protected\controllers\OrderHistoryController.php (125)
in D:\xampp\htdocs\hotelhub\index.php (15)
2012/11/06 05:17:05 [trace] [system.db.CDbCommand] Querying SQL: SHOW CREATE TABLE `gc_order_history`
in D:\xampp\htdocs\hotelhub\protected\controllers\OrderHistoryController.php (125)
in D:\xampp\htdocs\hotelhub\index.php (15)
2012/11/06 05:17:05 [trace] [system.CModule] Loading "widgetFactory" application component
in D:\xampp\htdocs\hotelhub\protected\views\orderHistory\index.php (20)
in D:\xampp\htdocs\hotelhub\protected\controllers\OrderHistoryController.php (128)
in D:\xampp\htdocs\hotelhub\index.php (15)
2012/11/06 05:17:05 [trace] [system.db.ar.CActiveRecord] OrderHistory.count()
in D:\xampp\htdocs\hotelhub\protected\views\orderHistory\index.php (20)
in D:\xampp\htdocs\hotelhub\protected\controllers\OrderHistoryController.php (128)
in D:\xampp\htdocs\hotelhub\index.php (15)
2012/11/06 05:17:05 [trace] [system.db.CDbCommand] Querying SQL: SELECT COUNT(*) FROM `gc_order_history` `t`
in D:\xampp\htdocs\hotelhub\protected\views\orderHistory\index.php (20)
in D:\xampp\htdocs\hotelhub\protected\controllers\OrderHistoryController.php (128)
in D:\xampp\htdocs\hotelhub\index.php (15)
2012/11/06 05:17:05 [trace] [system.db.ar.CActiveRecord] OrderHistory.findAll()
in D:\xampp\htdocs\hotelhub\protected\views\orderHistory\index.php (20)
in D:\xampp\htdocs\hotelhub\protected\controllers\OrderHistoryController.php (128)
in D:\xampp\htdocs\hotelhub\index.php (15)
2012/11/06 05:17:05 [trace] [system.db.CDbCommand] Querying SQL: SELECT * FROM `gc_order_history` `t` LIMIT 10
in D:\xampp\htdocs\hotelhub\protected\views\orderHistory\index.php (20)
in D:\xampp\htdocs\hotelhub\protected\controllers\OrderHistoryController.php (128)
in D:\xampp\htdocs\hotelhub\index.php (15)
2012/11/06 05:17:05 [trace] [system.CModule] Loading "assetManager" application component
in D:\xampp\htdocs\hotelhub\protected\views\orderHistory\index.php (20)
in D:\xampp\htdocs\hotelhub\protected\controllers\OrderHistoryController.php (128)
in D:\xampp\htdocs\hotelhub\index.php (15)
2012/11/06 05:17:05 [trace] [system.CModule] Loading "clientScript" application component
in D:\xampp\htdocs\hotelhub\protected\views\orderHistory\index.php (20)
in D:\xampp\htdocs\hotelhub\protected\controllers\OrderHistoryController.php (128)
in D:\xampp\htdocs\hotelhub\index.php (15)
2012/11/06 05:17:05 [trace] [system.CModule] Loading "coreMessages" application component
in D:\xampp\htdocs\hotelhub\protected\views\orderHistory\index.php (20)
in D:\xampp\htdocs\hotelhub\protected\controllers\OrderHistoryController.php (128)
in D:\xampp\htdocs\hotelhub\index.php (15)
2012/11/06 05:17:05 [trace] [system.db.CDbCommand] Querying SQL: SHOW COLUMNS FROM `gc_service`
in D:\xampp\htdocs\hotelhub\protected\models\Service.php (27)
in D:\xampp\htdocs\hotelhub\protected\models\Service.php (113)
in D:\xampp\htdocs\hotelhub\protected\models\Service.php (99)
2012/11/06 05:17:05 [trace] [system.db.CDbCommand] Querying SQL: SHOW CREATE TABLE `gc_service`
in D:\xampp\htdocs\hotelhub\protected\models\Service.php (27)
in D:\xampp\htdocs\hotelhub\protected\models\Service.php (113)
in D:\xampp\htdocs\hotelhub\protected\models\Service.php (99)
2012/11/06 05:17:05 [trace] [system.db.ar.CActiveRecord] Service.findAll()
in D:\xampp\htdocs\hotelhub\protected\models\Service.php (113)
in D:\xampp\htdocs\hotelhub\protected\models\Service.php (99)
in D:\xampp\htdocs\hotelhub\protected\views\layouts\main.php (51)
2012/11/06 05:17:05 [trace] [system.db.CDbCommand] Querying SQL: SELECT * FROM `gc_service` `t`
in D:\xampp\htdocs\hotelhub\protected\models\Service.php (113)
in D:\xampp\htdocs\hotelhub\protected\models\Service.php (99)
in D:\xampp\htdocs\hotelhub\protected\views\layouts\main.php (51)
2012/11/06 05:17:05 [trace] [application] Array
(
    [1] => Hotel
    [2] => Car
    [3] => Etc
)

in D:\xampp\htdocs\hotelhub\protected\models\Service.php (101)
in D:\xampp\htdocs\hotelhub\protected\views\layouts\main.php (51)
in D:\xampp\htdocs\hotelhub\protected\views\layouts\column2.php (22)
2012/11/06 05:17:05 [trace] [system.db.CDbCommand] Querying SQL: SHOW COLUMNS FROM `gc_lang`
in D:\xampp\htdocs\hotelhub\protected\models\Lang.php (28)
in D:\xampp\htdocs\hotelhub\protected\models\Lang.php (126)
in D:\xampp\htdocs\hotelhub\protected\models\Lang.php (114)
2012/11/06 05:17:05 [trace] [system.db.CDbCommand] Querying SQL: SHOW CREATE TABLE `gc_lang`
in D:\xampp\htdocs\hotelhub\protected\models\Lang.php (28)
in D:\xampp\htdocs\hotelhub\protected\models\Lang.php (126)
in D:\xampp\htdocs\hotelhub\protected\models\Lang.php (114)
2012/11/06 05:17:05 [trace] [system.db.ar.CActiveRecord] Lang.findAll()
in D:\xampp\htdocs\hotelhub\protected\models\Lang.php (126)
in D:\xampp\htdocs\hotelhub\protected\models\Lang.php (114)
in D:\xampp\htdocs\hotelhub\protected\views\layouts\main.php (60)
2012/11/06 05:17:05 [trace] [system.db.CDbCommand] Querying SQL: SELECT * FROM `gc_lang` `t`
in D:\xampp\htdocs\hotelhub\protected\models\Lang.php (126)
in D:\xampp\htdocs\hotelhub\protected\models\Lang.php (114)
in D:\xampp\htdocs\hotelhub\protected\views\layouts\main.php (60)
2012/11/06 05:17:07 [trace] [system.CModule] Loading "log" application component
in D:\xampp\htdocs\hotelhub\index.php (15)
2012/11/06 05:17:07 [trace] [system.CModule] Loading "request" application component
in D:\xampp\htdocs\hotelhub\index.php (15)
2012/11/06 05:17:07 [trace] [system.CModule] Loading "urlManager" application component
in D:\xampp\htdocs\hotelhub\index.php (15)
2012/11/06 05:17:07 [trace] [system.web.filters.CFilterChain] Running filter OrderStateController.filteraccessControl()
in D:\xampp\htdocs\hotelhub\index.php (15)
2012/11/06 05:17:07 [trace] [system.CModule] Loading "user" application component
in D:\xampp\htdocs\hotelhub\index.php (15)
2012/11/06 05:17:07 [trace] [system.CModule] Loading "session" application component
in D:\xampp\htdocs\hotelhub\index.php (15)
2012/11/06 05:17:07 [trace] [system.CModule] Loading "db" application component
in D:\xampp\htdocs\hotelhub\protected\controllers\OrderStateController.php (125)
in D:\xampp\htdocs\hotelhub\index.php (15)
2012/11/06 05:17:07 [trace] [system.db.CDbConnection] Opening DB connection
in D:\xampp\htdocs\hotelhub\protected\controllers\OrderStateController.php (125)
in D:\xampp\htdocs\hotelhub\index.php (15)
2012/11/06 05:17:10 [trace] [system.db.CDbCommand] Querying SQL: SHOW COLUMNS FROM `gc_order_state`
in D:\xampp\htdocs\hotelhub\protected\controllers\OrderStateController.php (125)
in D:\xampp\htdocs\hotelhub\index.php (15)
2012/11/06 05:17:10 [trace] [system.db.CDbCommand] Querying SQL: SHOW CREATE TABLE `gc_order_state`
in D:\xampp\htdocs\hotelhub\protected\controllers\OrderStateController.php (125)
in D:\xampp\htdocs\hotelhub\index.php (15)
2012/11/06 05:17:10 [trace] [system.CModule] Loading "widgetFactory" application component
in D:\xampp\htdocs\hotelhub\protected\views\orderState\index.php (20)
in D:\xampp\htdocs\hotelhub\protected\controllers\OrderStateController.php (128)
in D:\xampp\htdocs\hotelhub\index.php (15)
2012/11/06 05:17:10 [trace] [system.db.ar.CActiveRecord] OrderState.count()
in D:\xampp\htdocs\hotelhub\protected\views\orderState\index.php (20)
in D:\xampp\htdocs\hotelhub\protected\controllers\OrderStateController.php (128)
in D:\xampp\htdocs\hotelhub\index.php (15)
2012/11/06 05:17:10 [trace] [system.db.CDbCommand] Querying SQL: SELECT COUNT(*) FROM `gc_order_state` `t`
in D:\xampp\htdocs\hotelhub\protected\views\orderState\index.php (20)
in D:\xampp\htdocs\hotelhub\protected\controllers\OrderStateController.php (128)
in D:\xampp\htdocs\hotelhub\index.php (15)
2012/11/06 05:17:10 [trace] [system.db.ar.CActiveRecord] OrderState.findAll()
in D:\xampp\htdocs\hotelhub\protected\views\orderState\index.php (20)
in D:\xampp\htdocs\hotelhub\protected\controllers\OrderStateController.php (128)
in D:\xampp\htdocs\hotelhub\index.php (15)
2012/11/06 05:17:10 [trace] [system.db.CDbCommand] Querying SQL: SELECT * FROM `gc_order_state` `t` LIMIT 10
in D:\xampp\htdocs\hotelhub\protected\views\orderState\index.php (20)
in D:\xampp\htdocs\hotelhub\protected\controllers\OrderStateController.php (128)
in D:\xampp\htdocs\hotelhub\index.php (15)
2012/11/06 05:17:10 [trace] [system.CModule] Loading "assetManager" application component
in D:\xampp\htdocs\hotelhub\protected\views\orderState\index.php (20)
in D:\xampp\htdocs\hotelhub\protected\controllers\OrderStateController.php (128)
in D:\xampp\htdocs\hotelhub\index.php (15)
2012/11/06 05:17:10 [trace] [system.CModule] Loading "clientScript" application component
in D:\xampp\htdocs\hotelhub\protected\views\orderState\index.php (20)
in D:\xampp\htdocs\hotelhub\protected\controllers\OrderStateController.php (128)
in D:\xampp\htdocs\hotelhub\index.php (15)
2012/11/06 05:17:10 [trace] [system.CModule] Loading "coreMessages" application component
in D:\xampp\htdocs\hotelhub\protected\views\orderState\index.php (20)
in D:\xampp\htdocs\hotelhub\protected\controllers\OrderStateController.php (128)
in D:\xampp\htdocs\hotelhub\index.php (15)
2012/11/06 05:17:10 [trace] [system.db.CDbCommand] Querying SQL: SHOW COLUMNS FROM `gc_service`
in D:\xampp\htdocs\hotelhub\protected\models\Service.php (27)
in D:\xampp\htdocs\hotelhub\protected\models\Service.php (113)
in D:\xampp\htdocs\hotelhub\protected\models\Service.php (99)
2012/11/06 05:17:10 [trace] [system.db.CDbCommand] Querying SQL: SHOW CREATE TABLE `gc_service`
in D:\xampp\htdocs\hotelhub\protected\models\Service.php (27)
in D:\xampp\htdocs\hotelhub\protected\models\Service.php (113)
in D:\xampp\htdocs\hotelhub\protected\models\Service.php (99)
2012/11/06 05:17:10 [trace] [system.db.ar.CActiveRecord] Service.findAll()
in D:\xampp\htdocs\hotelhub\protected\models\Service.php (113)
in D:\xampp\htdocs\hotelhub\protected\models\Service.php (99)
in D:\xampp\htdocs\hotelhub\protected\views\layouts\main.php (51)
2012/11/06 05:17:10 [trace] [system.db.CDbCommand] Querying SQL: SELECT * FROM `gc_service` `t`
in D:\xampp\htdocs\hotelhub\protected\models\Service.php (113)
in D:\xampp\htdocs\hotelhub\protected\models\Service.php (99)
in D:\xampp\htdocs\hotelhub\protected\views\layouts\main.php (51)
2012/11/06 05:17:10 [trace] [application] Array
(
    [1] => Hotel
    [2] => Car
    [3] => Etc
)

in D:\xampp\htdocs\hotelhub\protected\models\Service.php (101)
in D:\xampp\htdocs\hotelhub\protected\views\layouts\main.php (51)
in D:\xampp\htdocs\hotelhub\protected\views\layouts\column2.php (22)
2012/11/06 05:17:10 [trace] [system.db.CDbCommand] Querying SQL: SHOW COLUMNS FROM `gc_lang`
in D:\xampp\htdocs\hotelhub\protected\models\Lang.php (28)
in D:\xampp\htdocs\hotelhub\protected\models\Lang.php (126)
in D:\xampp\htdocs\hotelhub\protected\models\Lang.php (114)
2012/11/06 05:17:10 [trace] [system.db.CDbCommand] Querying SQL: SHOW CREATE TABLE `gc_lang`
in D:\xampp\htdocs\hotelhub\protected\models\Lang.php (28)
in D:\xampp\htdocs\hotelhub\protected\models\Lang.php (126)
in D:\xampp\htdocs\hotelhub\protected\models\Lang.php (114)
2012/11/06 05:17:10 [trace] [system.db.ar.CActiveRecord] Lang.findAll()
in D:\xampp\htdocs\hotelhub\protected\models\Lang.php (126)
in D:\xampp\htdocs\hotelhub\protected\models\Lang.php (114)
in D:\xampp\htdocs\hotelhub\protected\views\layouts\main.php (60)
2012/11/06 05:17:10 [trace] [system.db.CDbCommand] Querying SQL: SELECT * FROM `gc_lang` `t`
in D:\xampp\htdocs\hotelhub\protected\models\Lang.php (126)
in D:\xampp\htdocs\hotelhub\protected\models\Lang.php (114)
in D:\xampp\htdocs\hotelhub\protected\views\layouts\main.php (60)
2012/11/06 05:17:10 [trace] [system.CModule] Loading "log" application component
in D:\xampp\htdocs\hotelhub\index.php (15)
2012/11/06 05:17:10 [trace] [system.CModule] Loading "request" application component
in D:\xampp\htdocs\hotelhub\index.php (15)
2012/11/06 05:17:10 [trace] [system.CModule] Loading "urlManager" application component
in D:\xampp\htdocs\hotelhub\index.php (15)
2012/11/06 05:17:10 [trace] [system.web.filters.CFilterChain] Running filter OrderStateController.filteraccessControl()
in D:\xampp\htdocs\hotelhub\index.php (15)
2012/11/06 05:17:10 [trace] [system.CModule] Loading "user" application component
in D:\xampp\htdocs\hotelhub\index.php (15)
2012/11/06 05:17:10 [trace] [system.CModule] Loading "session" application component
in D:\xampp\htdocs\hotelhub\index.php (15)
2012/11/06 05:17:10 [trace] [system.CModule] Loading "db" application component
in D:\xampp\htdocs\hotelhub\protected\controllers\OrderStateController.php (125)
in D:\xampp\htdocs\hotelhub\index.php (15)
2012/11/06 05:17:10 [trace] [system.db.CDbConnection] Opening DB connection
in D:\xampp\htdocs\hotelhub\protected\controllers\OrderStateController.php (125)
in D:\xampp\htdocs\hotelhub\index.php (15)
2012/11/06 05:17:10 [trace] [system.db.CDbCommand] Querying SQL: SHOW COLUMNS FROM `gc_order_state`
in D:\xampp\htdocs\hotelhub\protected\controllers\OrderStateController.php (125)
in D:\xampp\htdocs\hotelhub\index.php (15)
2012/11/06 05:17:10 [trace] [system.db.CDbCommand] Querying SQL: SHOW CREATE TABLE `gc_order_state`
in D:\xampp\htdocs\hotelhub\protected\controllers\OrderStateController.php (125)
in D:\xampp\htdocs\hotelhub\index.php (15)
2012/11/06 05:17:10 [trace] [system.CModule] Loading "widgetFactory" application component
in D:\xampp\htdocs\hotelhub\protected\views\orderState\index.php (20)
in D:\xampp\htdocs\hotelhub\protected\controllers\OrderStateController.php (128)
in D:\xampp\htdocs\hotelhub\index.php (15)
2012/11/06 05:17:10 [trace] [system.db.ar.CActiveRecord] OrderState.count()
in D:\xampp\htdocs\hotelhub\protected\views\orderState\index.php (20)
in D:\xampp\htdocs\hotelhub\protected\controllers\OrderStateController.php (128)
in D:\xampp\htdocs\hotelhub\index.php (15)
2012/11/06 05:17:10 [trace] [system.db.CDbCommand] Querying SQL: SELECT COUNT(*) FROM `gc_order_state` `t`
in D:\xampp\htdocs\hotelhub\protected\views\orderState\index.php (20)
in D:\xampp\htdocs\hotelhub\protected\controllers\OrderStateController.php (128)
in D:\xampp\htdocs\hotelhub\index.php (15)
2012/11/06 05:17:10 [trace] [system.db.ar.CActiveRecord] OrderState.findAll()
in D:\xampp\htdocs\hotelhub\protected\views\orderState\index.php (20)
in D:\xampp\htdocs\hotelhub\protected\controllers\OrderStateController.php (128)
in D:\xampp\htdocs\hotelhub\index.php (15)
2012/11/06 05:17:10 [trace] [system.db.CDbCommand] Querying SQL: SELECT * FROM `gc_order_state` `t` LIMIT 10
in D:\xampp\htdocs\hotelhub\protected\views\orderState\index.php (20)
in D:\xampp\htdocs\hotelhub\protected\controllers\OrderStateController.php (128)
in D:\xampp\htdocs\hotelhub\index.php (15)
2012/11/06 05:17:10 [trace] [system.CModule] Loading "assetManager" application component
in D:\xampp\htdocs\hotelhub\protected\views\orderState\index.php (20)
in D:\xampp\htdocs\hotelhub\protected\controllers\OrderStateController.php (128)
in D:\xampp\htdocs\hotelhub\index.php (15)
2012/11/06 05:17:10 [trace] [system.CModule] Loading "clientScript" application component
in D:\xampp\htdocs\hotelhub\protected\views\orderState\index.php (20)
in D:\xampp\htdocs\hotelhub\protected\controllers\OrderStateController.php (128)
in D:\xampp\htdocs\hotelhub\index.php (15)
2012/11/06 05:17:10 [trace] [system.CModule] Loading "coreMessages" application component
in D:\xampp\htdocs\hotelhub\protected\views\orderState\index.php (20)
in D:\xampp\htdocs\hotelhub\protected\controllers\OrderStateController.php (128)
in D:\xampp\htdocs\hotelhub\index.php (15)
2012/11/06 05:17:10 [trace] [system.db.CDbCommand] Querying SQL: SHOW COLUMNS FROM `gc_service`
in D:\xampp\htdocs\hotelhub\protected\models\Service.php (27)
in D:\xampp\htdocs\hotelhub\protected\models\Service.php (113)
in D:\xampp\htdocs\hotelhub\protected\models\Service.php (99)
2012/11/06 05:17:10 [trace] [system.db.CDbCommand] Querying SQL: SHOW CREATE TABLE `gc_service`
in D:\xampp\htdocs\hotelhub\protected\models\Service.php (27)
in D:\xampp\htdocs\hotelhub\protected\models\Service.php (113)
in D:\xampp\htdocs\hotelhub\protected\models\Service.php (99)
2012/11/06 05:17:10 [trace] [system.db.ar.CActiveRecord] Service.findAll()
in D:\xampp\htdocs\hotelhub\protected\models\Service.php (113)
in D:\xampp\htdocs\hotelhub\protected\models\Service.php (99)
in D:\xampp\htdocs\hotelhub\protected\views\layouts\main.php (51)
2012/11/06 05:17:10 [trace] [system.db.CDbCommand] Querying SQL: SELECT * FROM `gc_service` `t`
in D:\xampp\htdocs\hotelhub\protected\models\Service.php (113)
in D:\xampp\htdocs\hotelhub\protected\models\Service.php (99)
in D:\xampp\htdocs\hotelhub\protected\views\layouts\main.php (51)
2012/11/06 05:17:10 [trace] [application] Array
(
    [1] => Hotel
    [2] => Car
    [3] => Etc
)

in D:\xampp\htdocs\hotelhub\protected\models\Service.php (101)
in D:\xampp\htdocs\hotelhub\protected\views\layouts\main.php (51)
in D:\xampp\htdocs\hotelhub\protected\views\layouts\column2.php (22)
2012/11/06 05:17:10 [trace] [system.db.CDbCommand] Querying SQL: SHOW COLUMNS FROM `gc_lang`
in D:\xampp\htdocs\hotelhub\protected\models\Lang.php (28)
in D:\xampp\htdocs\hotelhub\protected\models\Lang.php (126)
in D:\xampp\htdocs\hotelhub\protected\models\Lang.php (114)
2012/11/06 05:17:10 [trace] [system.db.CDbCommand] Querying SQL: SHOW CREATE TABLE `gc_lang`
in D:\xampp\htdocs\hotelhub\protected\models\Lang.php (28)
in D:\xampp\htdocs\hotelhub\protected\models\Lang.php (126)
in D:\xampp\htdocs\hotelhub\protected\models\Lang.php (114)
2012/11/06 05:17:10 [trace] [system.db.ar.CActiveRecord] Lang.findAll()
in D:\xampp\htdocs\hotelhub\protected\models\Lang.php (126)
in D:\xampp\htdocs\hotelhub\protected\models\Lang.php (114)
in D:\xampp\htdocs\hotelhub\protected\views\layouts\main.php (60)
2012/11/06 05:17:10 [trace] [system.db.CDbCommand] Querying SQL: SELECT * FROM `gc_lang` `t`
in D:\xampp\htdocs\hotelhub\protected\models\Lang.php (126)
in D:\xampp\htdocs\hotelhub\protected\models\Lang.php (114)
in D:\xampp\htdocs\hotelhub\protected\views\layouts\main.php (60)
2012/11/06 05:17:28 [trace] [system.CModule] Loading "log" application component
in D:\xampp\htdocs\hotelhub\index.php (15)
2012/11/06 05:17:28 [trace] [system.CModule] Loading "request" application component
in D:\xampp\htdocs\hotelhub\index.php (15)
2012/11/06 05:17:28 [trace] [system.CModule] Loading "urlManager" application component
in D:\xampp\htdocs\hotelhub\index.php (15)
2012/11/06 05:17:28 [trace] [system.CModule] Loading "widgetFactory" application component
in D:\xampp\htdocs\hotelhub\protected\views\layouts\column1.php (2)
in D:\xampp\htdocs\hotelhub\protected\controllers\SiteController.php (32)
in D:\xampp\htdocs\hotelhub\index.php (15)
2012/11/06 05:17:28 [trace] [system.CModule] Loading "db" application component
in D:\xampp\htdocs\hotelhub\protected\models\Service.php (27)
in D:\xampp\htdocs\hotelhub\protected\models\Service.php (113)
in D:\xampp\htdocs\hotelhub\protected\models\Service.php (99)
2012/11/06 05:17:28 [trace] [system.db.CDbConnection] Opening DB connection
in D:\xampp\htdocs\hotelhub\protected\models\Service.php (27)
in D:\xampp\htdocs\hotelhub\protected\models\Service.php (113)
in D:\xampp\htdocs\hotelhub\protected\models\Service.php (99)
2012/11/06 05:17:29 [trace] [system.db.CDbCommand] Querying SQL: SHOW COLUMNS FROM `gc_service`
in D:\xampp\htdocs\hotelhub\protected\models\Service.php (27)
in D:\xampp\htdocs\hotelhub\protected\models\Service.php (113)
in D:\xampp\htdocs\hotelhub\protected\models\Service.php (99)
2012/11/06 05:17:29 [trace] [system.db.CDbCommand] Querying SQL: SHOW CREATE TABLE `gc_service`
in D:\xampp\htdocs\hotelhub\protected\models\Service.php (27)
in D:\xampp\htdocs\hotelhub\protected\models\Service.php (113)
in D:\xampp\htdocs\hotelhub\protected\models\Service.php (99)
2012/11/06 05:17:29 [trace] [system.db.ar.CActiveRecord] Service.findAll()
in D:\xampp\htdocs\hotelhub\protected\models\Service.php (113)
in D:\xampp\htdocs\hotelhub\protected\models\Service.php (99)
in D:\xampp\htdocs\hotelhub\protected\views\layouts\main.php (51)
2012/11/06 05:17:29 [trace] [system.db.CDbCommand] Querying SQL: SELECT * FROM `gc_service` `t`
in D:\xampp\htdocs\hotelhub\protected\models\Service.php (113)
in D:\xampp\htdocs\hotelhub\protected\models\Service.php (99)
in D:\xampp\htdocs\hotelhub\protected\views\layouts\main.php (51)
2012/11/06 05:17:29 [trace] [application] Array
(
    [1] => Hotel
    [2] => Car
    [3] => Etc
)

in D:\xampp\htdocs\hotelhub\protected\models\Service.php (101)
in D:\xampp\htdocs\hotelhub\protected\views\layouts\main.php (51)
in D:\xampp\htdocs\hotelhub\protected\views\layouts\column1.php (6)
2012/11/06 05:17:29 [trace] [system.db.CDbCommand] Querying SQL: SHOW COLUMNS FROM `gc_lang`
in D:\xampp\htdocs\hotelhub\protected\models\Lang.php (28)
in D:\xampp\htdocs\hotelhub\protected\models\Lang.php (126)
in D:\xampp\htdocs\hotelhub\protected\models\Lang.php (114)
2012/11/06 05:17:29 [trace] [system.db.CDbCommand] Querying SQL: SHOW CREATE TABLE `gc_lang`
in D:\xampp\htdocs\hotelhub\protected\models\Lang.php (28)
in D:\xampp\htdocs\hotelhub\protected\models\Lang.php (126)
in D:\xampp\htdocs\hotelhub\protected\models\Lang.php (114)
2012/11/06 05:17:29 [trace] [system.db.ar.CActiveRecord] Lang.findAll()
in D:\xampp\htdocs\hotelhub\protected\models\Lang.php (126)
in D:\xampp\htdocs\hotelhub\protected\models\Lang.php (114)
in D:\xampp\htdocs\hotelhub\protected\views\layouts\main.php (60)
2012/11/06 05:17:29 [trace] [system.db.CDbCommand] Querying SQL: SELECT * FROM `gc_lang` `t`
in D:\xampp\htdocs\hotelhub\protected\models\Lang.php (126)
in D:\xampp\htdocs\hotelhub\protected\models\Lang.php (114)
in D:\xampp\htdocs\hotelhub\protected\views\layouts\main.php (60)
2012/11/06 05:17:29 [trace] [system.CModule] Loading "user" application component
in D:\xampp\htdocs\hotelhub\protected\views\layouts\main.php (106)
in D:\xampp\htdocs\hotelhub\protected\views\layouts\column1.php (6)
in D:\xampp\htdocs\hotelhub\protected\controllers\SiteController.php (32)
2012/11/06 05:17:29 [trace] [system.CModule] Loading "session" application component
in D:\xampp\htdocs\hotelhub\protected\views\layouts\main.php (106)
in D:\xampp\htdocs\hotelhub\protected\views\layouts\column1.php (6)
in D:\xampp\htdocs\hotelhub\protected\controllers\SiteController.php (32)
2012/11/06 05:17:29 [trace] [system.CModule] Loading "coreMessages" application component
in D:\xampp\htdocs\hotelhub\protected\views\layouts\main.php (126)
in D:\xampp\htdocs\hotelhub\protected\views\layouts\column1.php (6)
in D:\xampp\htdocs\hotelhub\protected\controllers\SiteController.php (32)
2012/11/06 05:17:29 [trace] [system.CModule] Loading "clientScript" application component
in D:\xampp\htdocs\hotelhub\protected\controllers\SiteController.php (32)
in D:\xampp\htdocs\hotelhub\index.php (15)
2012/11/06 05:17:50 [trace] [system.CModule] Loading "log" application component
in D:\xampp\htdocs\hotelhub\index.php (15)
2012/11/06 05:17:50 [trace] [system.CModule] Loading "request" application component
in D:\xampp\htdocs\hotelhub\index.php (15)
2012/11/06 05:17:50 [trace] [system.CModule] Loading "urlManager" application component
in D:\xampp\htdocs\hotelhub\index.php (15)
2012/11/06 05:17:50 [trace] [system.web.filters.CFilterChain] Running filter OrderStateController.filteraccessControl()
in D:\xampp\htdocs\hotelhub\index.php (15)
2012/11/06 05:17:50 [trace] [system.CModule] Loading "user" application component
in D:\xampp\htdocs\hotelhub\index.php (15)
2012/11/06 05:17:50 [trace] [system.CModule] Loading "session" application component
in D:\xampp\htdocs\hotelhub\index.php (15)
2012/11/06 05:17:50 [trace] [system.CModule] Loading "db" application component
in D:\xampp\htdocs\hotelhub\protected\controllers\OrderStateController.php (125)
in D:\xampp\htdocs\hotelhub\index.php (15)
2012/11/06 05:17:50 [trace] [system.db.CDbConnection] Opening DB connection
in D:\xampp\htdocs\hotelhub\protected\controllers\OrderStateController.php (125)
in D:\xampp\htdocs\hotelhub\index.php (15)
2012/11/06 05:17:50 [trace] [system.db.CDbCommand] Querying SQL: SHOW COLUMNS FROM `gc_order_state`
in D:\xampp\htdocs\hotelhub\protected\controllers\OrderStateController.php (125)
in D:\xampp\htdocs\hotelhub\index.php (15)
2012/11/06 05:17:50 [trace] [system.db.CDbCommand] Querying SQL: SHOW CREATE TABLE `gc_order_state`
in D:\xampp\htdocs\hotelhub\protected\controllers\OrderStateController.php (125)
in D:\xampp\htdocs\hotelhub\index.php (15)
2012/11/06 05:17:50 [trace] [system.CModule] Loading "widgetFactory" application component
in D:\xampp\htdocs\hotelhub\protected\views\orderState\index.php (20)
in D:\xampp\htdocs\hotelhub\protected\controllers\OrderStateController.php (128)
in D:\xampp\htdocs\hotelhub\index.php (15)
2012/11/06 05:17:50 [trace] [system.db.ar.CActiveRecord] OrderState.count()
in D:\xampp\htdocs\hotelhub\protected\views\orderState\index.php (20)
in D:\xampp\htdocs\hotelhub\protected\controllers\OrderStateController.php (128)
in D:\xampp\htdocs\hotelhub\index.php (15)
2012/11/06 05:17:50 [trace] [system.db.CDbCommand] Querying SQL: SELECT COUNT(*) FROM `gc_order_state` `t`
in D:\xampp\htdocs\hotelhub\protected\views\orderState\index.php (20)
in D:\xampp\htdocs\hotelhub\protected\controllers\OrderStateController.php (128)
in D:\xampp\htdocs\hotelhub\index.php (15)
2012/11/06 05:17:50 [trace] [system.db.ar.CActiveRecord] OrderState.findAll()
in D:\xampp\htdocs\hotelhub\protected\views\orderState\index.php (20)
in D:\xampp\htdocs\hotelhub\protected\controllers\OrderStateController.php (128)
in D:\xampp\htdocs\hotelhub\index.php (15)
2012/11/06 05:17:50 [trace] [system.db.CDbCommand] Querying SQL: SELECT * FROM `gc_order_state` `t` LIMIT 10
in D:\xampp\htdocs\hotelhub\protected\views\orderState\index.php (20)
in D:\xampp\htdocs\hotelhub\protected\controllers\OrderStateController.php (128)
in D:\xampp\htdocs\hotelhub\index.php (15)
2012/11/06 05:17:50 [trace] [system.CModule] Loading "assetManager" application component
in D:\xampp\htdocs\hotelhub\protected\views\orderState\index.php (20)
in D:\xampp\htdocs\hotelhub\protected\controllers\OrderStateController.php (128)
in D:\xampp\htdocs\hotelhub\index.php (15)
2012/11/06 05:17:50 [trace] [system.CModule] Loading "clientScript" application component
in D:\xampp\htdocs\hotelhub\protected\views\orderState\index.php (20)
in D:\xampp\htdocs\hotelhub\protected\controllers\OrderStateController.php (128)
in D:\xampp\htdocs\hotelhub\index.php (15)
2012/11/06 05:17:50 [trace] [system.CModule] Loading "coreMessages" application component
in D:\xampp\htdocs\hotelhub\protected\views\orderState\index.php (20)
in D:\xampp\htdocs\hotelhub\protected\controllers\OrderStateController.php (128)
in D:\xampp\htdocs\hotelhub\index.php (15)
2012/11/06 05:17:50 [trace] [system.db.CDbCommand] Querying SQL: SHOW COLUMNS FROM `gc_service`
in D:\xampp\htdocs\hotelhub\protected\models\Service.php (27)
in D:\xampp\htdocs\hotelhub\protected\models\Service.php (113)
in D:\xampp\htdocs\hotelhub\protected\models\Service.php (99)
2012/11/06 05:17:50 [trace] [system.db.CDbCommand] Querying SQL: SHOW CREATE TABLE `gc_service`
in D:\xampp\htdocs\hotelhub\protected\models\Service.php (27)
in D:\xampp\htdocs\hotelhub\protected\models\Service.php (113)
in D:\xampp\htdocs\hotelhub\protected\models\Service.php (99)
2012/11/06 05:17:50 [trace] [system.db.ar.CActiveRecord] Service.findAll()
in D:\xampp\htdocs\hotelhub\protected\models\Service.php (113)
in D:\xampp\htdocs\hotelhub\protected\models\Service.php (99)
in D:\xampp\htdocs\hotelhub\protected\views\layouts\main.php (51)
2012/11/06 05:17:50 [trace] [system.db.CDbCommand] Querying SQL: SELECT * FROM `gc_service` `t`
in D:\xampp\htdocs\hotelhub\protected\models\Service.php (113)
in D:\xampp\htdocs\hotelhub\protected\models\Service.php (99)
in D:\xampp\htdocs\hotelhub\protected\views\layouts\main.php (51)
2012/11/06 05:17:50 [trace] [application] Array
(
    [1] => Hotel
    [2] => Car
    [3] => Etc
)

in D:\xampp\htdocs\hotelhub\protected\models\Service.php (101)
in D:\xampp\htdocs\hotelhub\protected\views\layouts\main.php (51)
in D:\xampp\htdocs\hotelhub\protected\views\layouts\column2.php (22)
2012/11/06 05:17:50 [trace] [system.db.CDbCommand] Querying SQL: SHOW COLUMNS FROM `gc_lang`
in D:\xampp\htdocs\hotelhub\protected\models\Lang.php (28)
in D:\xampp\htdocs\hotelhub\protected\models\Lang.php (126)
in D:\xampp\htdocs\hotelhub\protected\models\Lang.php (114)
2012/11/06 05:17:50 [trace] [system.db.CDbCommand] Querying SQL: SHOW CREATE TABLE `gc_lang`
in D:\xampp\htdocs\hotelhub\protected\models\Lang.php (28)
in D:\xampp\htdocs\hotelhub\protected\models\Lang.php (126)
in D:\xampp\htdocs\hotelhub\protected\models\Lang.php (114)
2012/11/06 05:17:50 [trace] [system.db.ar.CActiveRecord] Lang.findAll()
in D:\xampp\htdocs\hotelhub\protected\models\Lang.php (126)
in D:\xampp\htdocs\hotelhub\protected\models\Lang.php (114)
in D:\xampp\htdocs\hotelhub\protected\views\layouts\main.php (60)
2012/11/06 05:17:50 [trace] [system.db.CDbCommand] Querying SQL: SELECT * FROM `gc_lang` `t`
in D:\xampp\htdocs\hotelhub\protected\models\Lang.php (126)
in D:\xampp\htdocs\hotelhub\protected\models\Lang.php (114)
in D:\xampp\htdocs\hotelhub\protected\views\layouts\main.php (60)
2012/11/06 07:07:09 [trace] [system.CModule] Loading "log" application component
in D:\xampp\htdocs\hotelhub\index.php (15)
2012/11/06 07:07:09 [trace] [system.CModule] Loading "request" application component
in D:\xampp\htdocs\hotelhub\index.php (15)
2012/11/06 07:07:09 [trace] [system.CModule] Loading "urlManager" application component
in D:\xampp\htdocs\hotelhub\index.php (15)
2012/11/06 07:07:10 [trace] [system.CModule] Loading "widgetFactory" application component
in D:\xampp\htdocs\hotelhub\protected\views\layouts\column1.php (2)
in D:\xampp\htdocs\hotelhub\protected\controllers\SiteController.php (32)
in D:\xampp\htdocs\hotelhub\index.php (15)
2012/11/06 07:07:10 [trace] [system.CModule] Loading "db" application component
in D:\xampp\htdocs\hotelhub\protected\models\Service.php (27)
in D:\xampp\htdocs\hotelhub\protected\models\Service.php (113)
in D:\xampp\htdocs\hotelhub\protected\models\Service.php (99)
2012/11/06 07:07:10 [trace] [system.db.CDbConnection] Opening DB connection
in D:\xampp\htdocs\hotelhub\protected\models\Service.php (27)
in D:\xampp\htdocs\hotelhub\protected\models\Service.php (113)
in D:\xampp\htdocs\hotelhub\protected\models\Service.php (99)
2012/11/06 07:07:10 [trace] [system.db.CDbCommand] Querying SQL: SHOW COLUMNS FROM `gc_service`
in D:\xampp\htdocs\hotelhub\protected\models\Service.php (27)
in D:\xampp\htdocs\hotelhub\protected\models\Service.php (113)
in D:\xampp\htdocs\hotelhub\protected\models\Service.php (99)
2012/11/06 07:07:10 [trace] [system.db.CDbCommand] Querying SQL: SHOW CREATE TABLE `gc_service`
in D:\xampp\htdocs\hotelhub\protected\models\Service.php (27)
in D:\xampp\htdocs\hotelhub\protected\models\Service.php (113)
in D:\xampp\htdocs\hotelhub\protected\models\Service.php (99)
2012/11/06 07:07:10 [trace] [system.db.ar.CActiveRecord] Service.findAll()
in D:\xampp\htdocs\hotelhub\protected\models\Service.php (113)
in D:\xampp\htdocs\hotelhub\protected\models\Service.php (99)
in D:\xampp\htdocs\hotelhub\protected\views\layouts\main.php (51)
2012/11/06 07:07:10 [trace] [system.db.CDbCommand] Querying SQL: SELECT * FROM `gc_service` `t`
in D:\xampp\htdocs\hotelhub\protected\models\Service.php (113)
in D:\xampp\htdocs\hotelhub\protected\models\Service.php (99)
in D:\xampp\htdocs\hotelhub\protected\views\layouts\main.php (51)
2012/11/06 07:07:10 [trace] [application] Array
(
    [1] => Hotel
    [2] => Car
    [3] => Etc
)

in D:\xampp\htdocs\hotelhub\protected\models\Service.php (101)
in D:\xampp\htdocs\hotelhub\protected\views\layouts\main.php (51)
in D:\xampp\htdocs\hotelhub\protected\views\layouts\column1.php (6)
2012/11/06 07:07:10 [trace] [system.db.CDbCommand] Querying SQL: SHOW COLUMNS FROM `gc_lang`
in D:\xampp\htdocs\hotelhub\protected\models\Lang.php (28)
in D:\xampp\htdocs\hotelhub\protected\models\Lang.php (126)
in D:\xampp\htdocs\hotelhub\protected\models\Lang.php (114)
2012/11/06 07:07:10 [trace] [system.db.CDbCommand] Querying SQL: SHOW CREATE TABLE `gc_lang`
in D:\xampp\htdocs\hotelhub\protected\models\Lang.php (28)
in D:\xampp\htdocs\hotelhub\protected\models\Lang.php (126)
in D:\xampp\htdocs\hotelhub\protected\models\Lang.php (114)
2012/11/06 07:07:10 [trace] [system.db.ar.CActiveRecord] Lang.findAll()
in D:\xampp\htdocs\hotelhub\protected\models\Lang.php (126)
in D:\xampp\htdocs\hotelhub\protected\models\Lang.php (114)
in D:\xampp\htdocs\hotelhub\protected\views\layouts\main.php (60)
2012/11/06 07:07:10 [trace] [system.db.CDbCommand] Querying SQL: SELECT * FROM `gc_lang` `t`
in D:\xampp\htdocs\hotelhub\protected\models\Lang.php (126)
in D:\xampp\htdocs\hotelhub\protected\models\Lang.php (114)
in D:\xampp\htdocs\hotelhub\protected\views\layouts\main.php (60)
2012/11/06 07:07:10 [trace] [system.CModule] Loading "user" application component
in D:\xampp\htdocs\hotelhub\protected\views\layouts\main.php (106)
in D:\xampp\htdocs\hotelhub\protected\views\layouts\column1.php (6)
in D:\xampp\htdocs\hotelhub\protected\controllers\SiteController.php (32)
2012/11/06 07:07:10 [trace] [system.CModule] Loading "session" application component
in D:\xampp\htdocs\hotelhub\protected\views\layouts\main.php (106)
in D:\xampp\htdocs\hotelhub\protected\views\layouts\column1.php (6)
in D:\xampp\htdocs\hotelhub\protected\controllers\SiteController.php (32)
2012/11/06 07:07:10 [trace] [system.CModule] Loading "coreMessages" application component
in D:\xampp\htdocs\hotelhub\protected\views\layouts\main.php (126)
in D:\xampp\htdocs\hotelhub\protected\views\layouts\column1.php (6)
in D:\xampp\htdocs\hotelhub\protected\controllers\SiteController.php (32)
2012/11/06 07:07:10 [trace] [system.CModule] Loading "clientScript" application component
in D:\xampp\htdocs\hotelhub\protected\controllers\SiteController.php (32)
in D:\xampp\htdocs\hotelhub\index.php (15)
2012/11/06 07:49:38 [trace] [system.CModule] Loading "log" application component
in D:\xampp\htdocs\hotelhub\index.php (15)
2012/11/06 07:49:38 [trace] [system.CModule] Loading "request" application component
in D:\xampp\htdocs\hotelhub\index.php (15)
2012/11/06 07:49:38 [trace] [system.CModule] Loading "urlManager" application component
in D:\xampp\htdocs\hotelhub\index.php (15)
2012/11/06 07:49:38 [trace] [system.CModule] Loading "widgetFactory" application component
in D:\xampp\htdocs\hotelhub\protected\views\layouts\column1.php (2)
in D:\xampp\htdocs\hotelhub\protected\controllers\SiteController.php (32)
in D:\xampp\htdocs\hotelhub\index.php (15)
2012/11/06 07:49:38 [trace] [system.CModule] Loading "db" application component
in D:\xampp\htdocs\hotelhub\protected\models\Service.php (27)
in D:\xampp\htdocs\hotelhub\protected\models\Service.php (113)
in D:\xampp\htdocs\hotelhub\protected\models\Service.php (99)
2012/11/06 07:49:38 [trace] [system.db.CDbConnection] Opening DB connection
in D:\xampp\htdocs\hotelhub\protected\models\Service.php (27)
in D:\xampp\htdocs\hotelhub\protected\models\Service.php (113)
in D:\xampp\htdocs\hotelhub\protected\models\Service.php (99)
2012/11/06 07:49:38 [trace] [system.db.CDbCommand] Querying SQL: SHOW COLUMNS FROM `gc_service`
in D:\xampp\htdocs\hotelhub\protected\models\Service.php (27)
in D:\xampp\htdocs\hotelhub\protected\models\Service.php (113)
in D:\xampp\htdocs\hotelhub\protected\models\Service.php (99)
2012/11/06 07:49:38 [trace] [system.db.CDbCommand] Querying SQL: SHOW CREATE TABLE `gc_service`
in D:\xampp\htdocs\hotelhub\protected\models\Service.php (27)
in D:\xampp\htdocs\hotelhub\protected\models\Service.php (113)
in D:\xampp\htdocs\hotelhub\protected\models\Service.php (99)
2012/11/06 07:49:38 [trace] [system.db.ar.CActiveRecord] Service.findAll()
in D:\xampp\htdocs\hotelhub\protected\models\Service.php (113)
in D:\xampp\htdocs\hotelhub\protected\models\Service.php (99)
in D:\xampp\htdocs\hotelhub\protected\views\layouts\main.php (51)
2012/11/06 07:49:38 [trace] [system.db.CDbCommand] Querying SQL: SELECT * FROM `gc_service` `t`
in D:\xampp\htdocs\hotelhub\protected\models\Service.php (113)
in D:\xampp\htdocs\hotelhub\protected\models\Service.php (99)
in D:\xampp\htdocs\hotelhub\protected\views\layouts\main.php (51)
2012/11/06 07:49:38 [trace] [application] Array
(
    [1] => Hotel
    [2] => Car
    [3] => Etc
)

in D:\xampp\htdocs\hotelhub\protected\models\Service.php (101)
in D:\xampp\htdocs\hotelhub\protected\views\layouts\main.php (51)
in D:\xampp\htdocs\hotelhub\protected\views\layouts\column1.php (6)
2012/11/06 07:49:38 [trace] [system.db.CDbCommand] Querying SQL: SHOW COLUMNS FROM `gc_lang`
in D:\xampp\htdocs\hotelhub\protected\models\Lang.php (28)
in D:\xampp\htdocs\hotelhub\protected\models\Lang.php (126)
in D:\xampp\htdocs\hotelhub\protected\models\Lang.php (114)
2012/11/06 07:49:38 [trace] [system.db.CDbCommand] Querying SQL: SHOW CREATE TABLE `gc_lang`
in D:\xampp\htdocs\hotelhub\protected\models\Lang.php (28)
in D:\xampp\htdocs\hotelhub\protected\models\Lang.php (126)
in D:\xampp\htdocs\hotelhub\protected\models\Lang.php (114)
2012/11/06 07:49:38 [trace] [system.db.ar.CActiveRecord] Lang.findAll()
in D:\xampp\htdocs\hotelhub\protected\models\Lang.php (126)
in D:\xampp\htdocs\hotelhub\protected\models\Lang.php (114)
in D:\xampp\htdocs\hotelhub\protected\views\layouts\main.php (60)
2012/11/06 07:49:38 [trace] [system.db.CDbCommand] Querying SQL: SELECT * FROM `gc_lang` `t`
in D:\xampp\htdocs\hotelhub\protected\models\Lang.php (126)
in D:\xampp\htdocs\hotelhub\protected\models\Lang.php (114)
in D:\xampp\htdocs\hotelhub\protected\views\layouts\main.php (60)
2012/11/06 07:49:38 [trace] [system.CModule] Loading "user" application component
in D:\xampp\htdocs\hotelhub\protected\views\layouts\main.php (106)
in D:\xampp\htdocs\hotelhub\protected\views\layouts\column1.php (6)
in D:\xampp\htdocs\hotelhub\protected\controllers\SiteController.php (32)
2012/11/06 07:49:38 [trace] [system.CModule] Loading "session" application component
in D:\xampp\htdocs\hotelhub\protected\views\layouts\main.php (106)
in D:\xampp\htdocs\hotelhub\protected\views\layouts\column1.php (6)
in D:\xampp\htdocs\hotelhub\protected\controllers\SiteController.php (32)
2012/11/06 07:49:38 [trace] [system.CModule] Loading "coreMessages" application component
in D:\xampp\htdocs\hotelhub\protected\views\layouts\main.php (126)
in D:\xampp\htdocs\hotelhub\protected\views\layouts\column1.php (6)
in D:\xampp\htdocs\hotelhub\protected\controllers\SiteController.php (32)
2012/11/06 07:49:38 [trace] [system.CModule] Loading "clientScript" application component
in D:\xampp\htdocs\hotelhub\protected\controllers\SiteController.php (32)
in D:\xampp\htdocs\hotelhub\index.php (15)
2012/11/06 23:53:46 [trace] [system.CModule] Loading "log" application component
in D:\xampp\htdocs\hotelhub\index.php (15)
2012/11/06 23:53:47 [trace] [system.CModule] Loading "request" application component
in D:\xampp\htdocs\hotelhub\index.php (15)
2012/11/06 23:53:47 [trace] [system.CModule] Loading "urlManager" application component
in D:\xampp\htdocs\hotelhub\index.php (15)
2012/11/06 23:53:47 [trace] [system.CModule] Loading "widgetFactory" application component
in D:\xampp\htdocs\hotelhub\protected\views\layouts\column1.php (2)
in D:\xampp\htdocs\hotelhub\protected\controllers\SiteController.php (32)
in D:\xampp\htdocs\hotelhub\index.php (15)
2012/11/06 23:53:47 [trace] [system.CModule] Loading "db" application component
in D:\xampp\htdocs\hotelhub\protected\models\Service.php (27)
in D:\xampp\htdocs\hotelhub\protected\models\Service.php (113)
in D:\xampp\htdocs\hotelhub\protected\models\Service.php (99)
2012/11/06 23:53:47 [trace] [system.db.CDbConnection] Opening DB connection
in D:\xampp\htdocs\hotelhub\protected\models\Service.php (27)
in D:\xampp\htdocs\hotelhub\protected\models\Service.php (113)
in D:\xampp\htdocs\hotelhub\protected\models\Service.php (99)
2012/11/06 23:53:47 [trace] [system.db.CDbCommand] Querying SQL: SHOW COLUMNS FROM `gc_service`
in D:\xampp\htdocs\hotelhub\protected\models\Service.php (27)
in D:\xampp\htdocs\hotelhub\protected\models\Service.php (113)
in D:\xampp\htdocs\hotelhub\protected\models\Service.php (99)
2012/11/06 23:53:47 [trace] [system.db.CDbCommand] Querying SQL: SHOW CREATE TABLE `gc_service`
in D:\xampp\htdocs\hotelhub\protected\models\Service.php (27)
in D:\xampp\htdocs\hotelhub\protected\models\Service.php (113)
in D:\xampp\htdocs\hotelhub\protected\models\Service.php (99)
2012/11/06 23:53:47 [trace] [system.db.ar.CActiveRecord] Service.findAll()
in D:\xampp\htdocs\hotelhub\protected\models\Service.php (113)
in D:\xampp\htdocs\hotelhub\protected\models\Service.php (99)
in D:\xampp\htdocs\hotelhub\protected\views\layouts\main.php (51)
2012/11/06 23:53:47 [trace] [system.db.CDbCommand] Querying SQL: SELECT * FROM `gc_service` `t`
in D:\xampp\htdocs\hotelhub\protected\models\Service.php (113)
in D:\xampp\htdocs\hotelhub\protected\models\Service.php (99)
in D:\xampp\htdocs\hotelhub\protected\views\layouts\main.php (51)
2012/11/06 23:53:47 [trace] [application] Array
(
    [1] => Hotel
    [2] => Car
    [3] => Etc
)

in D:\xampp\htdocs\hotelhub\protected\models\Service.php (101)
in D:\xampp\htdocs\hotelhub\protected\views\layouts\main.php (51)
in D:\xampp\htdocs\hotelhub\protected\views\layouts\column1.php (6)
2012/11/06 23:53:47 [trace] [system.db.CDbCommand] Querying SQL: SHOW COLUMNS FROM `gc_lang`
in D:\xampp\htdocs\hotelhub\protected\models\Lang.php (28)
in D:\xampp\htdocs\hotelhub\protected\models\Lang.php (126)
in D:\xampp\htdocs\hotelhub\protected\models\Lang.php (114)
2012/11/06 23:53:47 [trace] [system.db.CDbCommand] Querying SQL: SHOW CREATE TABLE `gc_lang`
in D:\xampp\htdocs\hotelhub\protected\models\Lang.php (28)
in D:\xampp\htdocs\hotelhub\protected\models\Lang.php (126)
in D:\xampp\htdocs\hotelhub\protected\models\Lang.php (114)
2012/11/06 23:53:47 [trace] [system.db.ar.CActiveRecord] Lang.findAll()
in D:\xampp\htdocs\hotelhub\protected\models\Lang.php (126)
in D:\xampp\htdocs\hotelhub\protected\models\Lang.php (114)
in D:\xampp\htdocs\hotelhub\protected\views\layouts\main.php (60)
2012/11/06 23:53:47 [trace] [system.db.CDbCommand] Querying SQL: SELECT * FROM `gc_lang` `t`
in D:\xampp\htdocs\hotelhub\protected\models\Lang.php (126)
in D:\xampp\htdocs\hotelhub\protected\models\Lang.php (114)
in D:\xampp\htdocs\hotelhub\protected\views\layouts\main.php (60)
2012/11/06 23:53:47 [trace] [system.CModule] Loading "user" application component
in D:\xampp\htdocs\hotelhub\protected\views\layouts\main.php (106)
in D:\xampp\htdocs\hotelhub\protected\views\layouts\column1.php (6)
in D:\xampp\htdocs\hotelhub\protected\controllers\SiteController.php (32)
2012/11/06 23:53:47 [trace] [system.CModule] Loading "session" application component
in D:\xampp\htdocs\hotelhub\protected\views\layouts\main.php (106)
in D:\xampp\htdocs\hotelhub\protected\views\layouts\column1.php (6)
in D:\xampp\htdocs\hotelhub\protected\controllers\SiteController.php (32)
2012/11/06 23:53:47 [trace] [system.CModule] Loading "coreMessages" application component
in D:\xampp\htdocs\hotelhub\protected\views\layouts\main.php (126)
in D:\xampp\htdocs\hotelhub\protected\views\layouts\column1.php (6)
in D:\xampp\htdocs\hotelhub\protected\controllers\SiteController.php (32)
2012/11/06 23:53:47 [trace] [system.CModule] Loading "clientScript" application component
in D:\xampp\htdocs\hotelhub\protected\controllers\SiteController.php (32)
in D:\xampp\htdocs\hotelhub\index.php (15)
